
[23:2:3] MainWindow : Log Init Finish,Start Init Window
[23:2:3] MainWindow : Init Window Finish
[23:2:5] MainWindowEvent : Device Change
[23:2:9] MainWindowEvent : SetUIFinish

[23:7:8] MainWindow : Log Init Finish,Start Init Window
[23:7:9] MainWindow : Init Window Finish
[23:7:11] MainWindowEvent : Device Change

[23:9:42] MainWindow : Log Init Finish,Start Init Window
[23:9:42] MainWindow : Init Window Finish
[23:9:44] MainWindowEvent : Device Change

[23:11:34] MainWindow : Log Init Finish,Start Init Window
[23:11:36] MainWindow : Init Window Finish
[23:11:38] MainWindowEvent : Device Change
[23:11:45] MainWindowEvent : SetUIFinish

[23:47:11] MainWindow : Log Init Finish,Start Init Window

[23:47:56] MainWindow : Log Init Finish,Start Init Window
[23:47:57] MainWindow : Init Window Finish
[23:47:59] MainWindowEvent : Device Change
[23:48:3] MainWindowEvent : SetUIFinish

[23:48:36] MainWindow : Log Init Finish,Start Init Window
[23:48:37] MainWindow : Init Window Finish
[23:48:39] MainWindowEvent : Device Change
[23:48:43] MainWindowEvent : SetUIFinish

[23:55:50] MainWindow : Log Init Finish,Start Init Window
[23:55:51] MainWindow : Init Window Finish
[23:55:52] MainWindowEvent : Device Change

[23:56:3] MainWindow : Log Init Finish,Start Init Window
[23:56:7] MainWindow : Init Window Finish
[23:56:9] MainWindowEvent : Device Change
[23:56:16] MainWindowEvent : SetUIFinish

[23:57:48] MainWindow : Log Init Finish,Start Init Window
[23:57:49] MainWindow : Init Window Finish
[23:57:51] MainWindowEvent : Device Change

[23:58:38] MainWindow : Log Init Finish,Start Init Window
[23:58:39] MainWindow : Init Window Finish
[23:58:41] MainWindowEvent : Device Change

[23:59:4] MainWindow : Log Init Finish,Start Init Window
[23:59:5] MainWindow : Init Window Finish
[23:59:6] MainWindowEvent : Device Change
[23:59:13] MainWindowEvent : SetUIFinish

[23:59:19] MainWindow : Log Init Finish,Start Init Window
[23:59:19] MainWindow : Init Window Finish
[23:59:21] MainWindowEvent : Device Change

[23:59:31] MainWindow : Log Init Finish,Start Init Window
[23:59:34] MainWindow : Init Window Finish
[23:59:36] MainWindowEvent : Device Change
[23:59:43] MainWindowEvent : SetUIFinish

[23:59:53] MainWindow : Log Init Finish,Start Init Window
[23:59:56] MainWindow : Init Window Finish
[23:59:57] MainWindowEvent : Device Change

[0:0:26] MainWindow : Log Init Finish,Start Init Window
[0:0:29] MainWindow : Init Window Finish
[0:0:31] MainWindowEvent : Device Change

[0:0:53] MainWindow : Log Init Finish,Start Init Window
[0:0:57] MainWindow : Init Window Finish
[0:0:59] MainWindowEvent : Device Change
[0:1:5] MainWindowEvent : SetUIFinish

[0:1:44] MainWindow : Log Init Finish,Start Init Window
[0:1:47] MainWindow : Init Window Finish
[0:1:49] MainWindowEvent : Device Change

[0:2:30] MainWindow : Log Init Finish,Start Init Window
[0:2:34] MainWindow : Init Window Finish
[0:2:36] MainWindowEvent : Device Change
[0:2:41] MainWindowEvent : SetUIFinish

[0:4:10] MainWindow : Log Init Finish,Start Init Window
[0:4:15] MainWindow : Init Window Finish
[0:4:16] MainWindowEvent : Device Change
[0:4:22] MainWindowEvent : SetUIFinish

[1:17:58] MainWindow : Log Init Finish,Start Init Window
[1:18:1] MainWindow : Init Window Finish

[1:18:30] MainWindow : Log Init Finish,Start Init Window
[1:18:33] MainWindow : Init Window Finish

[1:19:16] MainWindow : Log Init Finish,Start Init Window
[1:19:20] MainWindow : Init Window Finish
[1:19:22] MainWindowEvent : Device Change

[1:20:47] MainWindow : Log Init Finish,Start Init Window
[1:20:50] MainWindow : Init Window Finish
[1:20:52] MainWindowEvent : Device Change
[1:20:59] MainWindowEvent : SetUIFinish

[1:21:20] MainWindow : Log Init Finish,Start Init Window
[1:21:24] MainWindow : Init Window Finish

[1:22:30] MainWindow : Log Init Finish,Start Init Window
[1:22:33] MainWindow : Init Window Finish
[1:22:35] MainWindowEvent : Device Change

[1:23:45] MainWindow : Log Init Finish,Start Init Window
[1:23:49] MainWindow : Init Window Finish
[1:23:51] MainWindowEvent : Device Change

[1:24:25] MainWindow : Log Init Finish,Start Init Window
[1:24:28] MainWindow : Init Window Finish
[1:24:30] MainWindowEvent : Device Change

[1:25:24] MainWindow : Log Init Finish,Start Init Window
[1:25:28] MainWindow : Init Window Finish
[1:25:29] MainWindowEvent : Device Change
[1:25:35] MainWindowEvent : SetUIFinish

[1:49:5] MainWindow : Log Init Finish,Start Init Window
[1:49:8] MainWindow : Init Window Finish
[1:49:10] MainWindowEvent : Device Change
[1:49:18] MainWindowEvent : SetUIFinish

[1:50:9] MainWindow : Log Init Finish,Start Init Window
[1:50:11] MainWindow : Init Window Finish
[1:50:13] MainWindowEvent : Device Change

[1:50:41] MainWindow : Log Init Finish,Start Init Window
[1:50:44] MainWindow : Init Window Finish
[1:50:46] MainWindowEvent : Device Change

[1:51:29] MainWindow : Log Init Finish,Start Init Window
[1:51:32] MainWindow : Init Window Finish
[1:51:34] MainWindowEvent : Device Change

[1:52:35] MainWindow : Log Init Finish,Start Init Window
[1:52:38] MainWindow : Init Window Finish
[1:52:40] MainWindowEvent : Device Change
[1:52:49] MainWindowEvent : SetUIFinish

[1:55:3] MainWindow : Log Init Finish,Start Init Window
[1:55:7] MainWindow : Init Window Finish

[1:56:26] MainWindow : Log Init Finish,Start Init Window
[1:56:30] MainWindow : Init Window Finish
[1:56:32] MainWindowEvent : Device Change
[1:56:38] MainWindowEvent : SetUIFinish

[1:57:14] MainWindow : Log Init Finish,Start Init Window
[1:57:17] MainWindow : Init Window Finish
[1:57:19] MainWindowEvent : Device Change

[1:57:51] MainWindow : Log Init Finish,Start Init Window
[1:57:55] MainWindow : Init Window Finish
[1:57:57] MainWindowEvent : Device Change
[1:58:3] MainWindowEvent : SetUIFinish

[2:11:30] MainWindow : Log Init Finish,Start Init Window
[2:11:33] MainWindow : Init Window Finish
[2:11:36] MainWindowEvent : Device Change
[2:11:43] MainWindowEvent : SetUIFinish

[2:12:51] MainWindow : Log Init Finish,Start Init Window
[2:12:54] MainWindow : Init Window Finish
[2:12:56] MainWindowEvent : Device Change
[2:13:3] MainWindowEvent : SetUIFinish

[2:13:31] MainWindow : Log Init Finish,Start Init Window
[2:13:33] MainWindow : Init Window Finish
[2:13:35] MainWindowEvent : Device Change

[2:13:53] MainWindow : Log Init Finish,Start Init Window
[2:13:56] MainWindow : Init Window Finish
[2:13:59] MainWindowEvent : Device Change
[2:14:6] MainWindowEvent : SetUIFinish

[2:16:41] MainWindow : Log Init Finish,Start Init Window
[2:16:43] App Version : 0.11.0.4099
[2:16:44] MainWindow : Init Window Finish
[2:16:47] MainWindowEvent : Device Change
[2:16:54] MainWindowEvent : SetUIFinish

[2:18:8] MainWindow : Log Init Finish,Start Init Window
[2:18:10] App Version : 0.11.0.4142
[2:18:10] MainWindow : Init Window Finish
[2:18:12] MainWindowEvent : Device Change

[2:20:10] MainWindow : Log Init Finish,Start Init Window
[2:20:12] MainWindow : Init Window Finish
[2:20:12] App Version : 0.11.0.4203
[2:20:15] MainWindowEvent : Device Change
[2:20:21] MainWindowEvent : SetUIFinish

[2:22:42] MainWindow : Log Init Finish,Start Init Window
[2:22:44] MainWindow : Init Window Finish
[2:22:45] App Version : 0.11.0.4279
[2:22:46] MainWindowEvent : Device Change

[2:25:53] MainWindow : Log Init Finish,Start Init Window
[2:25:54] App Version : 0.11.0.4373
[2:26:3] MainWindowEvent : Device Change
[2:26:6] MainWindowEvent : SetUIFinish

[2:26:16] MainWindow : Log Init Finish,Start Init Window
[2:26:19] App Version : 0.11.0.4373
[2:26:24] MainWindowEvent : Device Change
[2:26:27] MainWindowEvent : SetUIFinish
